<?xml version="1.0" encoding="UTF-8"?>
<coverage generated="1698071679081" clover="3.2.0">
  <project timestamp="1698071679081" name="All files">
    <metrics statements="4" coveredstatements="4" conditionals="2" coveredconditionals="1" methods="2" coveredmethods="2" elements="8" coveredelements="7" complexity="0" loc="4" ncloc="4" packages="2" files="3" classes="3"/>
    <package name="application">
      <metrics statements="2" coveredstatements="2" conditionals="0" coveredconditionals="0" methods="1" coveredmethods="1"/>
      <file name="application.jsx" path="C:\Users\M.HOSEIN\Documents\GitHub\Learning-testing-in-react\src\components\application\application.jsx">
        <metrics statements="2" coveredstatements="2" conditionals="0" coveredconditionals="0" methods="1" coveredmethods="1"/>
        <line num="1" count="1" type="stmt"/>
        <line num="2" count="1" type="stmt"/>
      </file>
    </package>
    <package name="greet">
      <metrics statements="2" coveredstatements="2" conditionals="2" coveredconditionals="1" methods="1" coveredmethods="1"/>
      <file name="greet.tsx" path="C:\Users\M.HOSEIN\Documents\GitHub\Learning-testing-in-react\src\components\greet\greet.tsx">
        <metrics statements="2" coveredstatements="2" conditionals="2" coveredconditionals="1" methods="1" coveredmethods="1"/>
        <line num="4" count="1" type="stmt"/>
        <line num="5" count="1" type="cond" truecount="1" falsecount="1"/>
      </file>
      <file name="greet.types.tsx" path="C:\Users\M.HOSEIN\Documents\GitHub\Learning-testing-in-react\src\components\greet\greet.types.tsx">
        <metrics statements="0" coveredstatements="0" conditionals="0" coveredconditionals="0" methods="0" coveredmethods="0"/>
      </file>
    </package>
  </project>
</coverage>
