<?xml version="1.0" encoding="UTF-8"?>
<coverage generated="1698069972519" clover="3.2.0">
  <project timestamp="1698069972519" name="All files">
    <metrics statements="4" coveredstatements="2" conditionals="2" coveredconditionals="1" methods="3" coveredmethods="1" elements="9" coveredelements="4" complexity="0" loc="4" ncloc="4" packages="2" files="2" classes="2"/>
    <package name="greet">
      <metrics statements="2" coveredstatements="2" conditionals="2" coveredconditionals="1" methods="1" coveredmethods="1"/>
      <file name="greet.tsx" path="C:\Users\M.HOSEIN\Documents\GitHub\Learning-testing-in-react\src\components\greet\greet.tsx">
        <metrics statements="2" coveredstatements="2" conditionals="2" coveredconditionals="1" methods="1" coveredmethods="1"/>
        <line num="4" count="1" type="stmt"/>
        <line num="5" count="1" type="cond" truecount="1" falsecount="1"/>
      </file>
    </package>
    <package name="greet.application">
      <metrics statements="2" coveredstatements="0" conditionals="0" coveredconditionals="0" methods="2" coveredmethods="0"/>
      <file name="application.jsx" path="C:\Users\M.HOSEIN\Documents\GitHub\Learning-testing-in-react\src\components\greet\application\application.jsx">
        <metrics statements="2" coveredstatements="0" conditionals="0" coveredconditionals="0" methods="2" coveredmethods="0"/>
        <line num="1" count="0" type="stmt"/>
        <line num="2" count="0" type="stmt"/>
      </file>
    </package>
  </project>
</coverage>
