{"C:\\Users\\M.HOSEIN\\Documents\\GitHub\\Learning-testing-in-react\\src\\components\\application\\application.jsx": {"path":"C:\\Users\\M.HOSEIN\\Documents\\GitHub\\Learning-testing-in-react\\src\\components\\application\\application.jsx","statementMap":{"0":{"start":{"line":1,"column":27},"end":{"line":30,"column":1}},"1":{"start":{"line":2,"column":2},"end":{"line":29,"column":4}}},"fnMap":{"0":{"name":"(anonymous_0)","decl":{"start":{"line":1,"column":27},"end":{"line":1,"column":28}},"loc":{"start":{"line":1,"column":33},"end":{"line":30,"column":1}},"line":1}},"branchMap":{},"s":{"0":1,"1":1},"f":{"0":1},"b":{},"_coverageSchema":"1a1c01bbd47fc00a2c39e90264f33305004495a9","hash":"aea58b2bb46f9784a3eea513db25594762a47a94"}
,"C:\\Users\\M.HOSEIN\\Documents\\GitHub\\Learning-testing-in-react\\src\\components\\greet\\greet.tsx": {"path":"C:\\Users\\M.HOSEIN\\Documents\\GitHub\\Learning-testing-in-react\\src\\components\\greet\\greet.tsx","statementMap":{"0":{"start":{"line":4,"column":14},"end":{"line":6,"column":1}},"1":{"start":{"line":5,"column":2},"end":{"line":5,"column":62}}},"fnMap":{"0":{"name":"(anonymous_0)","decl":{"start":{"line":4,"column":14},"end":{"line":4,"column":15}},"loc":{"start":{"line":4,"column":38},"end":{"line":6,"column":1}},"line":4}},"branchMap":{"0":{"loc":{"start":{"line":5,"column":21},"end":{"line":5,"column":54}},"type":"cond-expr","locations":[{"start":{"line":5,"column":34},"end":{"line":5,"column":44}},{"start":{"line":5,"column":47},"end":{"line":5,"column":54}}],"line":5}},"s":{"0":1,"1":1},"f":{"0":1},"b":{"0":[0,1]},"_coverageSchema":"1a1c01bbd47fc00a2c39e90264f33305004495a9","hash":"a11d72b9602ce60f21974224892fe61c8b29a1fc"}
,"C:\\Users\\M.HOSEIN\\Documents\\GitHub\\Learning-testing-in-react\\src\\components\\greet\\greet.types.tsx": {"path":"C:\\Users\\M.HOSEIN\\Documents\\GitHub\\Learning-testing-in-react\\src\\components\\greet\\greet.types.tsx","statementMap":{},"fnMap":{},"branchMap":{},"s":{},"f":{},"b":{}}
}
